<?xml version="1.0" encoding="UTF-8"?>
<coverage generated="1727659634431" clover="3.2.0">
  <project timestamp="1727659634431" name="All files">
    <metrics statements="47" coveredstatements="43" conditionals="2" coveredconditionals="2" methods="22" coveredmethods="21" elements="71" coveredelements="66" complexity="0" loc="47" ncloc="47" packages="1" files="1" classes="1"/>
    <file name="main.js" path="/Users/guilhermefraga/Downloads/JavaScript-challange/cargo company/main.js">
      <metrics statements="47" coveredstatements="43" conditionals="2" coveredconditionals="2" methods="22" coveredmethods="21"/>
      <line num="7" count="1" type="stmt"/>
      <line num="14" count="1" type="stmt"/>
      <line num="17" count="0" type="stmt"/>
      <line num="18" count="0" type="stmt"/>
      <line num="19" count="0" type="stmt"/>
      <line num="20" count="0" type="stmt"/>
      <line num="24" count="1" type="stmt"/>
      <line num="25" count="4" type="stmt"/>
      <line num="27" count="1" type="stmt"/>
      <line num="28" count="1" type="stmt"/>
      <line num="30" count="1" type="stmt"/>
      <line num="31" count="3" type="stmt"/>
      <line num="32" count="3" type="stmt"/>
      <line num="33" count="3" type="stmt"/>
      <line num="34" count="3" type="stmt"/>
      <line num="37" count="1" type="stmt"/>
      <line num="39" count="1" type="stmt"/>
      <line num="40" count="1" type="stmt"/>
      <line num="42" count="1" type="stmt"/>
      <line num="43" count="1" type="stmt"/>
      <line num="44" count="1" type="stmt"/>
      <line num="45" count="1" type="stmt"/>
      <line num="47" count="1" type="stmt"/>
      <line num="51" count="4" type="stmt"/>
      <line num="52" count="1" type="stmt"/>
      <line num="56" count="3" type="stmt"/>
      <line num="57" count="3" type="stmt"/>
      <line num="62" count="3" type="stmt"/>
      <line num="66" count="1" type="stmt"/>
      <line num="67" count="1" type="stmt"/>
      <line num="68" count="1" type="stmt"/>
      <line num="69" count="1" type="stmt"/>
      <line num="77" count="1" type="stmt"/>
      <line num="78" count="1" type="stmt"/>
      <line num="82" count="7" type="stmt"/>
      <line num="83" count="11" type="cond" truecount="2" falsecount="0"/>
      <line num="84" count="7" type="stmt"/>
      <line num="85" count="7" type="stmt"/>
      <line num="91" count="7" type="stmt"/>
      <line num="95" count="10" type="stmt"/>
      <line num="99" count="4" type="stmt"/>
      <line num="103" count="1" type="stmt"/>
      <line num="104" count="1" type="stmt"/>
      <line num="105" count="1" type="stmt"/>
      <line num="109" count="1" type="stmt"/>
      <line num="113" count="4" type="stmt"/>
      <line num="116" count="1" type="stmt"/>
    </file>
  </project>
</coverage>
