{"/Users/guilhermefraga/Downloads/Unit-Tests-With-Jest-Framework/cargo-company/main.js": {"path":"/Users/guilhermefraga/Downloads/Unit-Tests-With-Jest-Framework/cargo-company/main.js","statementMap":{"0":{"start":{"line":7,"column":21},"end":{"line":12,"column":1}},"1":{"start":{"line":14,"column":12},"end":{"line":14,"column":14}},"2":{"start":{"line":17,"column":4},"end":{"line":17,"column":14}},"3":{"start":{"line":18,"column":4},"end":{"line":18,"column":50}},"4":{"start":{"line":19,"column":4},"end":{"line":19,"column":17}},"5":{"start":{"line":20,"column":4},"end":{"line":20,"column":18}},"6":{"start":{"line":24,"column":22},"end":{"line":24,"column":37}},"7":{"start":{"line":25,"column":30},"end":{"line":25,"column":89}},"8":{"start":{"line":25,"column":61},"end":{"line":25,"column":88}},"9":{"start":{"line":27,"column":24},"end":{"line":27,"column":25}},"10":{"start":{"line":28,"column":22},"end":{"line":28,"column":23}},"11":{"start":{"line":30,"column":27},"end":{"line":35,"column":6}},"12":{"start":{"line":31,"column":32},"end":{"line":31,"column":65}},"13":{"start":{"line":32,"column":8},"end":{"line":32,"column":43}},"14":{"start":{"line":33,"column":8},"end":{"line":33,"column":39}},"15":{"start":{"line":34,"column":8},"end":{"line":34,"column":44}},"16":{"start":{"line":37,"column":4},"end":{"line":37,"column":43}},"17":{"start":{"line":39,"column":32},"end":{"line":39,"column":59}},"18":{"start":{"line":40,"column":34},"end":{"line":40,"column":80}},"19":{"start":{"line":42,"column":4},"end":{"line":42,"column":62}},"20":{"start":{"line":43,"column":4},"end":{"line":43,"column":52}},"21":{"start":{"line":44,"column":4},"end":{"line":44,"column":65}},"22":{"start":{"line":45,"column":4},"end":{"line":45,"column":69}},"23":{"start":{"line":47,"column":4},"end":{"line":47,"column":63}},"24":{"start":{"line":51,"column":4},"end":{"line":51,"column":59}},"25":{"start":{"line":51,"column":36},"end":{"line":51,"column":57}},"26":{"start":{"line":52,"column":4},"end":{"line":52,"column":15}},"27":{"start":{"line":56,"column":4},"end":{"line":58,"column":16}},"28":{"start":{"line":57,"column":8},"end":{"line":57,"column":74}},"29":{"start":{"line":62,"column":4},"end":{"line":62,"column":52}},"30":{"start":{"line":66,"column":17},"end":{"line":66,"column":61}},"31":{"start":{"line":67,"column":4},"end":{"line":73,"column":7}},"32":{"start":{"line":68,"column":41},"end":{"line":68,"column":56}},"33":{"start":{"line":69,"column":8},"end":{"line":72,"column":10}},"34":{"start":{"line":77,"column":4},"end":{"line":77,"column":47}},"35":{"start":{"line":78,"column":4},"end":{"line":78,"column":54}},"36":{"start":{"line":82,"column":4},"end":{"line":87,"column":5}},"37":{"start":{"line":83,"column":8},"end":{"line":86,"column":9}},"38":{"start":{"line":84,"column":12},"end":{"line":84,"column":51}},"39":{"start":{"line":85,"column":12},"end":{"line":85,"column":18}},"40":{"start":{"line":91,"column":4},"end":{"line":91,"column":32}},"41":{"start":{"line":95,"column":4},"end":{"line":95,"column":90}},"42":{"start":{"line":95,"column":59},"end":{"line":95,"column":85}},"43":{"start":{"line":99,"column":4},"end":{"line":99,"column":81}},"44":{"start":{"line":99,"column":51},"end":{"line":99,"column":76}},"45":{"start":{"line":103,"column":24},"end":{"line":103,"column":57}},"46":{"start":{"line":104,"column":26},"end":{"line":104,"column":43}},"47":{"start":{"line":105,"column":4},"end":{"line":105,"column":60}},"48":{"start":{"line":109,"column":4},"end":{"line":109,"column":65}},"49":{"start":{"line":113,"column":4},"end":{"line":113,"column":97}},"50":{"start":{"line":113,"column":51},"end":{"line":113,"column":92}},"51":{"start":{"line":116,"column":0},"end":{"line":129,"column":2}}},"fnMap":{"0":{"name":"controller","decl":{"start":{"line":16,"column":9},"end":{"line":16,"column":19}},"loc":{"start":{"line":16,"column":22},"end":{"line":21,"column":1}},"line":16},"1":{"name":"showResult","decl":{"start":{"line":23,"column":9},"end":{"line":23,"column":19}},"loc":{"start":{"line":23,"column":22},"end":{"line":48,"column":1}},"line":23},"2":{"name":"(anonymous_2)","decl":{"start":{"line":25,"column":50},"end":{"line":25,"column":51}},"loc":{"start":{"line":25,"column":61},"end":{"line":25,"column":88}},"line":25},"3":{"name":"(anonymous_3)","decl":{"start":{"line":30,"column":49},"end":{"line":30,"column":50}},"loc":{"start":{"line":30,"column":60},"end":{"line":35,"column":5}},"line":30},"4":{"name":"resetArrays","decl":{"start":{"line":50,"column":9},"end":{"line":50,"column":20}},"loc":{"start":{"line":50,"column":23},"end":{"line":53,"column":1}},"line":50},"5":{"name":"(anonymous_5)","decl":{"start":{"line":51,"column":25},"end":{"line":51,"column":26}},"loc":{"start":{"line":51,"column":36},"end":{"line":51,"column":57}},"line":51},"6":{"name":"toStringVehicleType","decl":{"start":{"line":55,"column":9},"end":{"line":55,"column":28}},"loc":{"start":{"line":55,"column":38},"end":{"line":59,"column":1}},"line":55},"7":{"name":"(anonymous_7)","decl":{"start":{"line":56,"column":32},"end":{"line":56,"column":33}},"loc":{"start":{"line":56,"column":49},"end":{"line":58,"column":5}},"line":56},"8":{"name":"toString","decl":{"start":{"line":61,"column":9},"end":{"line":61,"column":17}},"loc":{"start":{"line":61,"column":24},"end":{"line":63,"column":1}},"line":61},"9":{"name":"getData","decl":{"start":{"line":65,"column":9},"end":{"line":65,"column":16}},"loc":{"start":{"line":65,"column":19},"end":{"line":74,"column":1}},"line":65},"10":{"name":"(anonymous_10)","decl":{"start":{"line":67,"column":33},"end":{"line":67,"column":34}},"loc":{"start":{"line":67,"column":41},"end":{"line":73,"column":5}},"line":67},"11":{"name":"clearTextArea","decl":{"start":{"line":76,"column":9},"end":{"line":76,"column":22}},"loc":{"start":{"line":76,"column":25},"end":{"line":79,"column":1}},"line":76},"12":{"name":"distributeItemsBetweenVehicles","decl":{"start":{"line":81,"column":9},"end":{"line":81,"column":39}},"loc":{"start":{"line":81,"column":46},"end":{"line":88,"column":1}},"line":81},"13":{"name":"distributeItemInVehicle","decl":{"start":{"line":90,"column":9},"end":{"line":90,"column":32}},"loc":{"start":{"line":90,"column":48},"end":{"line":92,"column":1}},"line":90},"14":{"name":"calculateWeightInVehicle","decl":{"start":{"line":94,"column":9},"end":{"line":94,"column":33}},"loc":{"start":{"line":94,"column":43},"end":{"line":96,"column":1}},"line":94},"15":{"name":"(anonymous_15)","decl":{"start":{"line":95,"column":35},"end":{"line":95,"column":36}},"loc":{"start":{"line":95,"column":59},"end":{"line":95,"column":85}},"line":95},"16":{"name":"calculateTotalCapacity","decl":{"start":{"line":98,"column":9},"end":{"line":98,"column":31}},"loc":{"start":{"line":98,"column":34},"end":{"line":100,"column":1}},"line":98},"17":{"name":"(anonymous_17)","decl":{"start":{"line":99,"column":31},"end":{"line":99,"column":32}},"loc":{"start":{"line":99,"column":51},"end":{"line":99,"column":76}},"line":99},"18":{"name":"calculateSpaceUsed","decl":{"start":{"line":102,"column":9},"end":{"line":102,"column":27}},"loc":{"start":{"line":102,"column":37},"end":{"line":106,"column":1}},"line":102},"19":{"name":"calculateRemainingSpace","decl":{"start":{"line":108,"column":9},"end":{"line":108,"column":32}},"loc":{"start":{"line":108,"column":42},"end":{"line":110,"column":1}},"line":108},"20":{"name":"calculateItemsTotalWeight","decl":{"start":{"line":112,"column":9},"end":{"line":112,"column":34}},"loc":{"start":{"line":112,"column":37},"end":{"line":114,"column":1}},"line":112},"21":{"name":"(anonymous_21)","decl":{"start":{"line":113,"column":31},"end":{"line":113,"column":32}},"loc":{"start":{"line":113,"column":51},"end":{"line":113,"column":92}},"line":113}},"branchMap":{"0":{"loc":{"start":{"line":83,"column":8},"end":{"line":86,"column":9}},"type":"if","locations":[{"start":{"line":83,"column":8},"end":{"line":86,"column":9}},{"start":{},"end":{}}],"line":83}},"s":{"0":1,"1":1,"2":0,"3":0,"4":0,"5":0,"6":1,"7":1,"8":4,"9":1,"10":1,"11":1,"12":3,"13":3,"14":3,"15":3,"16":1,"17":1,"18":1,"19":1,"20":1,"21":1,"22":1,"23":1,"24":1,"25":4,"26":1,"27":3,"28":3,"29":3,"30":1,"31":1,"32":1,"33":1,"34":1,"35":1,"36":7,"37":11,"38":7,"39":7,"40":7,"41":10,"42":8,"43":1,"44":4,"45":1,"46":1,"47":1,"48":1,"49":1,"50":4,"51":1},"f":{"0":0,"1":1,"2":4,"3":3,"4":1,"5":4,"6":3,"7":3,"8":3,"9":1,"10":1,"11":1,"12":7,"13":7,"14":10,"15":8,"16":1,"17":4,"18":1,"19":1,"20":1,"21":4},"b":{"0":[7,4]},"_coverageSchema":"1a1c01bbd47fc00a2c39e90264f33305004495a9","hash":"362a6466eef67fecfa1f53a7c795e0f99ff58186"}
}
