TN:
SF:cargo-company/main.js
FN:16,controller
FN:23,showResult
FN:25,(anonymous_2)
FN:30,(anonymous_3)
FN:50,resetArrays
FN:51,(anonymous_5)
FN:55,toStringVehicleType
FN:56,(anonymous_7)
FN:61,toString
FN:65,getData
FN:67,(anonymous_10)
FN:76,clearTextArea
FN:81,distributeItemsBetweenVehicles
FN:90,distributeItemInVehicle
FN:94,calculateWeightInVehicle
FN:95,(anonymous_15)
FN:98,calculateTotalCapacity
FN:99,(anonymous_17)
FN:102,calculateSpaceUsed
FN:108,calculateRemainingSpace
FN:112,calculateItemsTotalWeight
FN:113,(anonymous_21)
FNF:22
FNH:21
FNDA:0,controller
FNDA:1,showResult
FNDA:4,(anonymous_2)
FNDA:3,(anonymous_3)
FNDA:1,resetArrays
FNDA:4,(anonymous_5)
FNDA:3,toStringVehicleType
FNDA:3,(anonymous_7)
FNDA:3,toString
FNDA:1,getData
FNDA:1,(anonymous_10)
FNDA:1,clearTextArea
FNDA:7,distributeItemsBetweenVehicles
FNDA:7,distributeItemInVehicle
FNDA:10,calculateWeightInVehicle
FNDA:8,(anonymous_15)
FNDA:1,calculateTotalCapacity
FNDA:4,(anonymous_17)
FNDA:1,calculateSpaceUsed
FNDA:1,calculateRemainingSpace
FNDA:1,calculateItemsTotalWeight
FNDA:4,(anonymous_21)
DA:7,1
DA:14,1
DA:17,0
DA:18,0
DA:19,0
DA:20,0
DA:24,1
DA:25,4
DA:27,1
DA:28,1
DA:30,1
DA:31,3
DA:32,3
DA:33,3
DA:34,3
DA:37,1
DA:39,1
DA:40,1
DA:42,1
DA:43,1
DA:44,1
DA:45,1
DA:47,1
DA:51,4
DA:52,1
DA:56,3
DA:57,3
DA:62,3
DA:66,1
DA:67,1
DA:68,1
DA:69,1
DA:77,1
DA:78,1
DA:82,7
DA:83,11
DA:84,7
DA:85,7
DA:91,7
DA:95,10
DA:99,4
DA:103,1
DA:104,1
DA:105,1
DA:109,1
DA:113,4
DA:116,1
LF:47
LH:43
BRDA:83,0,0,7
BRDA:83,0,1,4
BRF:2
BRH:2
end_of_record
